\BOOKMARK [0][-]{chapter*.3}{\376\377\144\130\000\040\000\040\211\201}{}% 1
\BOOKMARK [0][-]{chapter*.4}{\376\377\000\101\000\142\000\163\000\164\000\162\000\141\000\143\000\164}{}% 2
\BOOKMARK [0][-]{chapter*.5}{\376\377\166\356\000\040\000\040\137\125}{}% 3
\BOOKMARK [0][-]{chapter.1}{\376\377\173\054\000\040\000\061\000\040\172\340\000\040\000\040\176\352\213\272}{}% 4
\BOOKMARK [1][-]{section.1.1}{\376\377\000\061\000\056\000\061\000\040\170\024\172\166\200\314\146\157}{chapter.1}% 5
\BOOKMARK [1][-]{section.1.2}{\376\377\000\061\000\056\000\062\000\040\217\355\116\343\154\325\116\313\176\315}{chapter.1}% 6
\BOOKMARK [1][-]{section.1.3}{\376\377\000\061\000\056\000\063\000\040\167\351\226\065\121\375\145\160}{chapter.1}% 7
\BOOKMARK [2][-]{subsection.1.3.1}{\376\377\000\061\000\056\000\063\000\056\000\061\000\040\167\351\226\065\136\163\145\271\150\071}{section.1.3}% 8
\BOOKMARK [2][-]{subsection.1.3.2}{\376\377\000\061\000\056\000\063\000\056\000\062\000\040\167\351\226\065\000\040\000\160\000\040\153\041\150\071}{section.1.3}% 9
\BOOKMARK [1][-]{section.1.4}{\376\377\000\061\000\056\000\064\000\040\213\272\145\207\166\204\176\304\176\307}{chapter.1}% 10
\BOOKMARK [0][-]{chapter.2}{\376\377\173\054\000\040\000\062\000\040\172\340\000\040\000\040\230\204\131\007\167\345\213\306}{}% 11
\BOOKMARK [1][-]{section.2.1}{\376\377\000\062\000\056\000\061\000\040\155\367\124\010\147\011\226\120\121\103}{chapter.2}% 12
\BOOKMARK [1][-]{section.2.2}{\376\377\000\062\000\056\000\062\000\040\121\340\117\125\220\127\117\040\150\021\176\323\147\204}{chapter.2}% 13
\BOOKMARK [1][-]{section.2.3}{\376\377\000\062\000\056\000\063\000\040\171\373\122\250\177\121\150\074\145\271\154\325}{chapter.2}% 14
\BOOKMARK [1][-]{section.2.4}{\376\377\000\062\000\056\000\064\000\040\230\204\131\004\164\006\145\271\154\325}{chapter.2}% 15
\BOOKMARK [1][-]{section.2.5}{\376\377\000\062\000\056\000\065\000\040\230\204\131\007\137\025\164\006}{chapter.2}% 16
\BOOKMARK [0][-]{chapter.3}{\376\377\173\054\000\040\000\063\000\040\172\340\000\040\000\040\127\372\116\216\000\064\000\120\000\061\000\055\000\120\000\061\121\103\154\102\211\343\000\116\000\141\000\166\000\151\000\145\000\162\000\055\000\123\000\164\000\157\000\153\000\145\000\163\145\271\172\013\166\204\171\373\122\250\177\121\150\074\145\271\154\325}{}% 17
\BOOKMARK [1][-]{section.3.1}{\376\377\000\063\000\056\000\061\000\040\145\160\143\156\176\323\147\204}{chapter.3}% 18
\BOOKMARK [1][-]{section.3.2}{\376\377\000\063\000\056\000\062\000\040\155\367\124\010\121\103\217\321\117\074}{chapter.3}% 19
\BOOKMARK [2][-]{subsection.3.2.1}{\376\377\000\063\000\056\000\062\000\056\000\061\000\040\155\101\117\123\145\271\172\013}{section.3.2}% 20
\BOOKMARK [2][-]{subsection.3.2.2}{\376\377\000\063\000\056\000\062\000\056\000\062\000\040\000\127\000\145\000\141\000\153\000\040\000\146\000\157\000\162\000\155\000\165\000\154\000\141\000\164\000\151\000\157\000\156}{section.3.2}% 21
\BOOKMARK [1][-]{section.3.3}{\376\377\000\063\000\056\000\063\000\040\171\373\122\250\177\121\150\074\173\126\165\145}{chapter.3}% 22
\BOOKMARK [2][-]{subsection.3.3.1}{\376\377\000\063\000\056\000\063\000\056\000\061\000\040\000\123\000\164\000\145\000\160\000\040\000\061\000\040\203\267\123\326\000\115\000\157\000\156\000\151\000\164\000\157\000\162}{section.3.3}% 23
\BOOKMARK [2][-]{subsection.3.3.2}{\376\377\000\063\000\056\000\063\000\056\000\062\000\040\000\123\000\164\000\145\000\160\000\040\000\062\000\040\203\267\123\326\145\260\166\204\220\073\217\221\177\121\150\074}{section.3.3}% 24
\BOOKMARK [2][-]{subsection.3.3.3}{\376\377\000\063\000\056\000\063\000\056\000\063\000\040\000\123\000\164\000\145\000\160\000\040\000\063\000\040\162\151\164\006\177\121\150\074\166\204\171\373\122\250\145\271\124\021}{section.3.3}% 25
\BOOKMARK [2][-]{subsection.3.3.4}{\376\377\000\063\000\056\000\063\000\056\000\064\000\040\000\123\000\164\000\145\000\160\000\040\000\064\000\040\145\143\136\246\116\072\000\060\166\204\143\322\120\074}{section.3.3}% 26
\BOOKMARK [1][-]{section.3.4}{\376\377\000\063\000\056\000\064\000\040\145\160\120\074\173\227\117\213}{chapter.3}% 27
\BOOKMARK [2][-]{subsection.3.4.1}{\376\377\000\063\000\056\000\064\000\056\000\061\000\040\000\103\000\157\000\154\000\154\000\151\000\144\000\151\000\156\000\147\000\040\000\106\000\154\000\157\000\167}{section.3.4}% 28
\BOOKMARK [2][-]{subsection.3.4.2}{\376\377\000\063\000\056\000\064\000\056\000\062\000\040\125\267\134\004\155\101}{section.3.4}% 29
\BOOKMARK [2][-]{subsection.3.4.3}{\376\377\000\063\000\056\000\064\000\056\000\063\000\040\000\116\000\141\000\166\000\151\000\145\000\162\000\055\000\123\000\164\000\157\000\153\000\145\000\163\000\040\155\101\176\317\217\307\116\000\116\052\121\371\137\142\123\360\226\066}{section.3.4}% 30
\BOOKMARK [2][-]{subsection.3.4.4}{\376\377\000\063\000\056\000\064\000\056\000\064\000\040\127\006\147\361\176\325\155\101}{section.3.4}% 31
\BOOKMARK [1][-]{section.3.5}{\376\377\000\063\000\056\000\065\000\040\000\120\000\162\000\157\000\157\000\146\000\040\000\157\000\146\000\040\000\124\000\150\000\145\000\157\000\162\000\145\000\155\000\040\000\077\000\077}{chapter.3}% 32
\BOOKMARK [2][-]{subsection.3.5.1}{\376\377\000\063\000\056\000\065\000\056\000\061\000\040\000\124\000\145\000\143\000\150\000\156\000\151\000\143\000\141\000\154\000\040\000\154\000\145\000\155\000\155\000\141\000\163}{section.3.5}% 33
\BOOKMARK [1][-]{section.3.6}{\376\377\000\063\000\056\000\066\000\040\000\116\000\165\000\155\000\145\000\162\000\151\000\143\000\141\000\154\000\040\000\105\000\170\000\160\000\145\000\162\000\151\000\155\000\145\000\156\000\164\000\163}{chapter.3}% 34
\BOOKMARK [1][-]{section.3.7}{\376\377\000\063\000\056\000\067\000\040\121\163\116\216\000\040\000\110\000\141\000\154\000\154\000\145\000\171\000\040\154\325\166\204\154\350\213\260}{chapter.3}% 35
\BOOKMARK [0][-]{chapter.4}{\376\377\173\054\000\040\000\064\000\040\172\340\000\040\000\040\171\373\122\250\177\121\150\074\147\011\226\120\121\103\166\204\131\032\221\315\177\121\150\074\230\204\131\004\164\006\145\271\154\325}{}% 36
\BOOKMARK [1][-]{section.4.1}{\376\377\000\064\000\056\000\061\000\040\145\366\225\364\150\074\137\017\166\204\171\273\145\143}{chapter.4}% 37
\BOOKMARK [1][-]{section.4.2}{\376\377\000\064\000\056\000\062\000\040\137\353\220\037\000\113\000\162\000\171\000\154\000\157\000\166\154\102\211\343}{chapter.4}% 38
\BOOKMARK [1][-]{section.4.3}{\376\377\000\064\000\056\000\063\000\040\171\373\122\250\177\121\150\074\173\126\165\145}{chapter.4}% 39
\BOOKMARK [2][-]{subsection.4.3.1}{\376\377\000\064\000\056\000\063\000\056\000\061\000\040\177\121\150\074\171\373\122\250\166\204\155\101\172\013}{section.4.3}% 40
\BOOKMARK [2][-]{subsection.4.3.2}{\376\377\000\064\000\056\000\063\000\056\000\062\000\040\165\050\000\101\000\115\000\107\000\040\230\204\131\004\164\006\154\102\211\343\000\050\000\064\000\056\000\064\000\070\000\051}{section.4.3}% 41
\BOOKMARK [1][-]{section.4.4}{\376\377\000\064\000\056\000\064\000\040\145\160\120\074\173\227\117\213}{chapter.4}% 42
\BOOKMARK [2][-]{subsection.4.4.1}{\376\377\000\064\000\056\000\064\000\056\000\061\000\040\145\271\201\124\232\161\122\250\155\101}{section.4.4}% 43
\BOOKMARK [2][-]{subsection.4.4.2}{\376\377\000\064\000\056\000\064\000\056\000\062\000\040\000\102\000\141\000\143\000\153\000\167\000\141\000\162\000\144\000\040\000\163\000\164\000\145\000\160\000\040\000\146\000\154\000\157\000\167}{section.4.4}% 44
\BOOKMARK [2][-]{subsection.4.4.3}{\376\377\000\064\000\056\000\064\000\056\000\063\000\040\000\106\000\154\000\157\000\167\000\040\000\157\000\166\000\145\000\162\000\040\000\143\000\171\000\154\000\151\000\156\000\144\000\145\000\162}{section.4.4}% 45
\BOOKMARK [0][-]{chapter*.51}{\376\377\145\073\213\373\133\146\117\115\147\037\225\364\123\326\137\227\166\204\170\024\172\166\142\020\147\234}{}% 46
\BOOKMARK [0][-]{chapter*.52}{\376\377\201\364\000\040\000\040\214\042}{}% 47
\BOOKMARK [0][-]{chapter*.53}{\376\377\155\131\154\137\131\047\133\146\133\146\117\115\213\272\145\207\162\354\122\033\140\047\130\360\146\016}{}% 48
\BOOKMARK [0][-]{chapter*.54}{\376\377\133\146\117\115\213\272\145\207\117\177\165\050\143\210\147\103\130\360\146\016}{}% 49
